2016.04.02 13:25:59	This log contains information about the import schema operation into project 'Autotinklo_DB' on computer 'TADAS-PC' by user 'Tadas'.
2016.04.02 13:25:59	Import of database schema has started.
2016.04.02 13:26:20	Gathering database options
2016.04.02 13:26:20	Gathering users
2016.04.02 13:26:20	Gathering roles
2016.04.02 13:26:20	Gathering application roles
2016.04.02 13:26:20	Gathering role memberships
2016.04.02 13:26:20	Gathering filegroups
2016.04.02 13:26:20	Gathering full-text catalogs
2016.04.02 13:26:20	Gathering assemblies
2016.04.02 13:26:20	Gathering certificates
2016.04.02 13:26:20	Gathering asymmetric keys
2016.04.02 13:26:20	Gathering symmetric keys
2016.04.02 13:26:20	Gathering encrypted symmetric keys
2016.04.02 13:26:20	Gathering schemas
2016.04.02 13:26:40	Gathering XML schema collections
2016.04.02 13:26:40	Gathering user-defined data types
2016.04.02 13:26:40	Gathering user-defined types
2016.04.02 13:26:40	Gathering table types
2016.04.02 13:26:40	Gathering unique keys for table types
2016.04.02 13:26:40	Gathering primary keys for table types
2016.04.02 13:26:40	Gathering check constraints for table types
2016.04.02 13:26:40	Gathering default constraints for table types
2016.04.02 13:26:40	Gathering partition functions
2016.04.02 13:26:40	Gathering partition schemes
2016.04.02 13:26:40	Gathering functions
2016.04.02 13:26:40	Gathering encrypted functions
2016.04.02 13:26:58	Gathering aggregates
2016.04.02 13:26:58	Gathering procedures
2016.04.02 13:26:58	Gathering encrypted procedures
2016.04.02 13:26:58	Gathering tables
2016.04.02 13:26:59	Gathering primary keys
2016.04.02 13:26:59	Gathering unique constraints
2016.04.02 13:27:16	Gathering foreign keys
2016.04.02 13:27:16	Gathering default constraints
2016.04.02 13:27:16	Gathering check constraints
2016.04.02 13:27:16	Gathering views
2016.04.02 13:27:16	Gathering encrypted views
2016.04.02 13:27:16	Gathering indexes
2016.04.02 13:27:16	Gathering statistics
2016.04.02 13:27:16	Gathering full-text index stoplists
2016.04.02 13:27:16	Gathering search property lists
2016.04.02 13:27:16	Gathering search properties
2016.04.02 13:27:16	Gathering full-text indexes
2016.04.02 13:28:23	Gathering column store indexes
2016.04.02 13:28:24	Gathering spatial indexes
2016.04.02 13:28:24	Gathering XML indexes
2016.04.02 13:28:25	Gathering encrypted triggers
2016.04.02 13:28:25	Gathering triggers
2016.04.02 13:28:25	Gathering encrypted and clr ddl triggers
2016.04.02 13:28:26	Gathering ddl triggers
2016.04.02 13:28:26	Gathering synonyms
2016.04.02 13:28:40	Gathering defaults
2016.04.02 13:28:40	Gathering data constraint uddt bindings
2016.04.02 13:28:40	Gathering rules
2016.04.02 13:28:40	Gathering data constraint uddt bindings
2016.04.02 13:28:40	Gathering message types
2016.04.02 13:28:41	Gathering queues
2016.04.02 13:28:41	Gathering contracts
2016.04.02 13:28:41	Gathering services
2016.04.02 13:28:41	Gathering event notifications
2016.04.02 13:28:41	Gathering remote service bindings
2016.04.02 13:28:42	Gathering broker priorities
2016.04.02 13:28:42	Gathering signatures
2016.04.02 13:28:42	Gathering data compression options
2016.04.02 13:28:42	Gathering sequence types
2016.04.02 13:28:42	Gathering extended properties
2016.04.02 13:28:48	Gathering credentials
2016.04.02 13:28:48	Gathering logins
2016.04.02 13:28:48	Gathering server audits
2016.04.02 13:28:52	Scanning project for duplicate elements
2016.04.02 13:28:53	Finished duplicate element processing
2016.04.02 13:28:54	Finished importing database.
2016.04.02 13:28:54	A summary of the import was saved to the following location: c:\users\tadas\documents\visual studio 2015\Projects\Autotinklo_DB\Import Schema Logs\Autotinklo_DB_20160402102559.log
2016.04.02 13:28:54	Click Finish to continue...
