2016.04.02 12:13:35	This log contains information about the import schema operation into project 'Autotinklo_DB' on computer 'TADAS-PC' by user 'Tadas'.
2016.04.02 12:13:36	Import of database schema has started.
2016.04.02 12:14:01	Gathering database options
2016.04.02 12:14:01	Gathering users
2016.04.02 12:14:01	Gathering roles
2016.04.02 12:14:01	Gathering application roles
2016.04.02 12:14:01	Gathering role memberships
2016.04.02 12:14:01	Gathering filegroups
2016.04.02 12:14:01	Gathering full-text catalogs
2016.04.02 12:14:01	Gathering assemblies
2016.04.02 12:14:01	Gathering certificates
2016.04.02 12:14:01	Gathering asymmetric keys
2016.04.02 12:14:01	Gathering symmetric keys
2016.04.02 12:14:01	Gathering encrypted symmetric keys
2016.04.02 12:14:01	Gathering schemas
2016.04.02 12:14:26	Gathering XML schema collections
2016.04.02 12:14:26	Gathering user-defined data types
2016.04.02 12:14:26	Gathering user-defined types
2016.04.02 12:14:26	Gathering table types
2016.04.02 12:14:26	Gathering unique keys for table types
2016.04.02 12:14:26	Gathering primary keys for table types
2016.04.02 12:14:26	Gathering check constraints for table types
2016.04.02 12:14:26	Gathering default constraints for table types
2016.04.02 12:14:26	Gathering partition functions
2016.04.02 12:14:27	Gathering partition schemes
2016.04.02 12:14:27	Gathering functions
2016.04.02 12:14:27	Gathering encrypted functions
2016.04.02 12:14:29	Gathering aggregates
2016.04.02 12:14:29	Gathering procedures
2016.04.02 12:14:29	Gathering encrypted procedures
2016.04.02 12:14:29	Gathering tables
2016.04.02 12:14:30	Gathering primary keys
2016.04.02 12:14:30	Gathering unique constraints
2016.04.02 12:14:30	Gathering foreign keys
2016.04.02 12:14:30	Gathering default constraints
2016.04.02 12:14:30	Gathering check constraints
2016.04.02 12:14:30	Gathering views
2016.04.02 12:14:30	Gathering encrypted views
2016.04.02 12:14:30	Gathering indexes
2016.04.02 12:14:30	Gathering statistics
2016.04.02 12:14:30	Gathering full-text index stoplists
2016.04.02 12:14:30	Gathering search property lists
2016.04.02 12:14:30	Gathering search properties
2016.04.02 12:14:30	Gathering full-text indexes
2016.04.02 12:14:30	Gathering column store indexes
2016.04.02 12:14:30	Gathering spatial indexes
2016.04.02 12:14:30	Gathering XML indexes
2016.04.02 12:14:30	Gathering encrypted triggers
2016.04.02 12:14:30	Gathering triggers
2016.04.02 12:14:30	Gathering encrypted and clr ddl triggers
2016.04.02 12:14:30	Gathering ddl triggers
2016.04.02 12:14:30	Gathering synonyms
2016.04.02 12:14:30	Gathering defaults
2016.04.02 12:14:30	Gathering data constraint uddt bindings
2016.04.02 12:14:30	Gathering rules
2016.04.02 12:14:30	Gathering data constraint uddt bindings
2016.04.02 12:14:30	Gathering message types
2016.04.02 12:14:30	Gathering queues
2016.04.02 12:14:30	Gathering contracts
2016.04.02 12:14:30	Gathering services
2016.04.02 12:14:30	Gathering event notifications
2016.04.02 12:14:30	Gathering remote service bindings
2016.04.02 12:14:30	Gathering broker priorities
2016.04.02 12:14:30	Gathering signatures
2016.04.02 12:14:30	Gathering data compression options
2016.04.02 12:14:30	Gathering sequence types
2016.04.02 12:14:30	Gathering extended properties
2016.04.02 12:14:33	Gathering credentials
2016.04.02 12:14:33	Gathering logins
2016.04.02 12:14:33	Gathering server audits
2016.04.02 12:14:34	Scanning project for duplicate elements
2016.04.02 12:14:35	Finished duplicate element processing
2016.04.02 12:14:36	Finished importing database.
2016.04.02 12:14:36	A summary of the import was saved to the following location: c:\users\tadas\documents\visual studio 2015\Projects\Autotinklo_DB\Import Schema Logs\Autotinklo_DB_20160402091335.log
2016.04.02 12:14:36	Click Finish to continue...
